<?xml version="1.0" encoding="UTF-8"?>
<testsuite xmlns:xsi="http://www.w3.org/2001/XMLSchema-instance" xsi:noNamespaceSchemaLocation="https://maven.apache.org/surefire/maven-surefire-plugin/xsd/surefire-test-report.xsd" name="com.staxrt.tutorial.ApplicationTests" time="5.563" tests="6" errors="0" skipped="0" failures="0">
  <properties>
[...]
</properties>
  <testcase name="testGetAllUsers" classname="com.staxrt.tutorial.ApplicationTests" time="0.236"/>
  <testcase name="testUpdatePost" classname="com.staxrt.tutorial.ApplicationTests" time="0.074"/>
  <testcase name="testCreateUser" classname="com.staxrt.tutorial.ApplicationTests" time="0.012"/>
  <testcase name="testDeletePost" classname="com.staxrt.tutorial.ApplicationTests" time="0.028"/>
  <testcase name="contextLoads" classname="com.staxrt.tutorial.ApplicationTests" time="0.003"/>
  <testcase name="testGetUserById" classname="com.staxrt.tutorial.ApplicationTests" time="0.012"/>
</testsuite>